<?xml version="1.0" encoding="UTF-8"?>
<!-- Generated by org.testng.reporters.JUnitReportReporter -->
<testsuite hostname="Mypc" name="testNG.BasicAnnottionsEg" tests="3" failures="0" timestamp="27 Nov 2018 16:13:28 GMT" time="0.134" errors="0">
  <testcase name="Function1" time="0.088" classname="testNG.BasicAnnottionsEg"/>
  <testcase name="Finction2" time="0.014" classname="testNG.BasicAnnottionsEg"/>
  <testcase name="Apple" time="0.032" classname="testNG.BasicAnnottionsEg"/>
</testsuite> <!-- testNG.BasicAnnottionsEg -->
