<?xml version="1.0" encoding="UTF-8"?>
<!-- Generated by org.testng.reporters.JUnitReportReporter -->
<testsuite hostname="Mypc" name="pom.LoginTC" tests="1" failures="0" timestamp="3 Dec 2018 15:56:11 GMT" time="36.172" errors="0">
  <testcase name="login" time="36.172" classname="pom.LoginTC"/>
</testsuite> <!-- pom.LoginTC -->
