<?xml version="1.0" encoding="UTF-8"?>
<!-- Generated by org.testng.reporters.JUnitReportReporter -->
<testsuite hostname="Mypc" name="testNG.EmpReg_TestNG" tests="3" failures="0" timestamp="28 Nov 2018 16:30:03 GMT" time="39.366" errors="0">
  <testcase name="ORg_Empreg" time="10.192" classname="testNG.EmpReg_TestNG"/>
  <testcase name="ORg_Empreg" time="13.127" classname="testNG.EmpReg_TestNG"/>
  <testcase name="ORg_Empreg" time="16.047" classname="testNG.EmpReg_TestNG"/>
</testsuite> <!-- testNG.EmpReg_TestNG -->
