<?xml version="1.0" encoding="UTF-8"?>
<!-- Generated by org.testng.reporters.JUnitReportReporter -->
<testsuite hostname="Mypc" name="testNG.UserReg_TestNG" tests="1" failures="0" timestamp="28 Nov 2018 16:19:16 GMT" time="21.863" errors="0">
  <testcase name="Org_UserReg" time="21.863" classname="testNG.UserReg_TestNG"/>
</testsuite> <!-- testNG.UserReg_TestNG -->
