<?xml version="1.0" encoding="UTF-8"?>
<!-- Generated by org.testng.reporters.JUnitReportReporter -->
<testsuite hostname="Mypc" name="testNG.PrimusbankLoginEg" tests="1" failures="0" timestamp="27 Nov 2018 16:22:15 GMT" time="8.836" errors="0">
  <testcase name="Login" time="8.836" classname="testNG.PrimusbankLoginEg"/>
</testsuite> <!-- testNG.PrimusbankLoginEg -->
